<?xml version="1.0" encoding="UTF-8"?>
<!-- Generated by org.testng.reporters.JUnitReportReporter -->
<testsuite skipped="0" hostname="manjeetku-win7" name="com.training.basicseleniumscripts.MouseAndKeyboardActionsTest" tests="1" failures="0" timestamp="19 Jul 2017 08:10:44 GMT" time="49.580" errors="0">
  <testcase name="mouseAndKeyBoardActions_TakeScreenShot" time="49.580" classname="com.training.basicseleniumscripts.MouseAndKeyboardActionsTest"/>
</testsuite> <!-- com.training.basicseleniumscripts.MouseAndKeyboardActionsTest -->
