<?xml version="1.0" encoding="UTF-8"?>
<!-- Generated by org.testng.reporters.JUnitReportReporter -->
<testsuite skipped="0" hostname="manjeetku-win7" name="com.training.testsuites.DragAndDropTest" tests="1" failures="0" timestamp="28 Jul 2017 12:00:42 GMT" time="15.040" errors="0">
  <testcase name="verifyContextClick" time="15.040" classname="com.training.testsuites.DragAndDropTest"/>
</testsuite> <!-- com.training.testsuites.DragAndDropTest -->
